Start testing: Nov 10 15:21 MSK
----------------------------------------------------------
1/7 Testing: PlayerTest.DamageUsesArmor
1/7 Test: PlayerTest.DamageUsesArmor
Command: "/media/sf_Game/build/game_tests" "--gtest_filter=PlayerTest.DamageUsesArmor" "--gtest_also_run_disabled_tests"
Directory: /media/sf_Game/build
"PlayerTest.DamageUsesArmor" start time: Nov 10 15:21 MSK
Output:
----------------------------------------------------------
Running main() from /media/sf_Game/build/_deps/googletest-src/googletest/src/gtest_main.cc
Note: Google Test filter = PlayerTest.DamageUsesArmor
[==========] Running 1 test from 1 test suite.
[----------] Global test environment set-up.
[----------] 1 test from PlayerTest
[ RUN      ] PlayerTest.DamageUsesArmor
[       OK ] PlayerTest.DamageUsesArmor (0 ms)
[----------] 1 test from PlayerTest (0 ms total)

[----------] Global test environment tear-down
[==========] 1 test from 1 test suite ran. (0 ms total)
[  PASSED  ] 1 test.
<end of output>
Test time =   0.00 sec
----------------------------------------------------------
Test Passed.
"PlayerTest.DamageUsesArmor" end time: Nov 10 15:21 MSK
"PlayerTest.DamageUsesArmor" time elapsed: 00:00:00
----------------------------------------------------------

2/7 Testing: PlayerTest.KeyIncreasesCounter
2/7 Test: PlayerTest.KeyIncreasesCounter
Command: "/media/sf_Game/build/game_tests" "--gtest_filter=PlayerTest.KeyIncreasesCounter" "--gtest_also_run_disabled_tests"
Directory: /media/sf_Game/build
"PlayerTest.KeyIncreasesCounter" start time: Nov 10 15:21 MSK
Output:
----------------------------------------------------------
Running main() from /media/sf_Game/build/_deps/googletest-src/googletest/src/gtest_main.cc
Note: Google Test filter = PlayerTest.KeyIncreasesCounter
[==========] Running 1 test from 1 test suite.
[----------] Global test environment set-up.
[----------] 1 test from PlayerTest
[ RUN      ] PlayerTest.KeyIncreasesCounter
[       OK ] PlayerTest.KeyIncreasesCounter (0 ms)
[----------] 1 test from PlayerTest (0 ms total)

[----------] Global test environment tear-down
[==========] 1 test from 1 test suite ran. (0 ms total)
[  PASSED  ] 1 test.
<end of output>
Test time =   0.00 sec
----------------------------------------------------------
Test Passed.
"PlayerTest.KeyIncreasesCounter" end time: Nov 10 15:21 MSK
"PlayerTest.KeyIncreasesCounter" time elapsed: 00:00:00
----------------------------------------------------------

3/7 Testing: PlayerTest.NoDamageIfArmorExceedsHit
3/7 Test: PlayerTest.NoDamageIfArmorExceedsHit
Command: "/media/sf_Game/build/game_tests" "--gtest_filter=PlayerTest.NoDamageIfArmorExceedsHit" "--gtest_also_run_disabled_tests"
Directory: /media/sf_Game/build
"PlayerTest.NoDamageIfArmorExceedsHit" start time: Nov 10 15:21 MSK
Output:
----------------------------------------------------------
Running main() from /media/sf_Game/build/_deps/googletest-src/googletest/src/gtest_main.cc
Note: Google Test filter = PlayerTest.NoDamageIfArmorExceedsHit
[==========] Running 1 test from 1 test suite.
[----------] Global test environment set-up.
[----------] 1 test from PlayerTest
[ RUN      ] PlayerTest.NoDamageIfArmorExceedsHit
[       OK ] PlayerTest.NoDamageIfArmorExceedsHit (0 ms)
[----------] 1 test from PlayerTest (0 ms total)

[----------] Global test environment tear-down
[==========] 1 test from 1 test suite ran. (0 ms total)
[  PASSED  ] 1 test.
<end of output>
Test time =   0.01 sec
----------------------------------------------------------
Test Passed.
"PlayerTest.NoDamageIfArmorExceedsHit" end time: Nov 10 15:21 MSK
"PlayerTest.NoDamageIfArmorExceedsHit" time elapsed: 00:00:00
----------------------------------------------------------

4/7 Testing: BulletTest.HitMonsterWhenSameCell
4/7 Test: BulletTest.HitMonsterWhenSameCell
Command: "/media/sf_Game/build/game_tests" "--gtest_filter=BulletTest.HitMonsterWhenSameCell" "--gtest_also_run_disabled_tests"
Directory: /media/sf_Game/build
"BulletTest.HitMonsterWhenSameCell" start time: Nov 10 15:21 MSK
Output:
----------------------------------------------------------
Running main() from /media/sf_Game/build/_deps/googletest-src/googletest/src/gtest_main.cc
Note: Google Test filter = BulletTest.HitMonsterWhenSameCell
[==========] Running 1 test from 1 test suite.
[----------] Global test environment set-up.
[----------] 1 test from BulletTest
[ RUN      ] BulletTest.HitMonsterWhenSameCell
[       OK ] BulletTest.HitMonsterWhenSameCell (0 ms)
[----------] 1 test from BulletTest (0 ms total)

[----------] Global test environment tear-down
[==========] 1 test from 1 test suite ran. (0 ms total)
[  PASSED  ] 1 test.
<end of output>
Test time =   0.01 sec
----------------------------------------------------------
Test Passed.
"BulletTest.HitMonsterWhenSameCell" end time: Nov 10 15:21 MSK
"BulletTest.HitMonsterWhenSameCell" time elapsed: 00:00:00
----------------------------------------------------------

5/7 Testing: BulletTest.MissMonsterWhenDifferentCell
5/7 Test: BulletTest.MissMonsterWhenDifferentCell
Command: "/media/sf_Game/build/game_tests" "--gtest_filter=BulletTest.MissMonsterWhenDifferentCell" "--gtest_also_run_disabled_tests"
Directory: /media/sf_Game/build
"BulletTest.MissMonsterWhenDifferentCell" start time: Nov 10 15:21 MSK
Output:
----------------------------------------------------------
Running main() from /media/sf_Game/build/_deps/googletest-src/googletest/src/gtest_main.cc
Note: Google Test filter = BulletTest.MissMonsterWhenDifferentCell
[==========] Running 1 test from 1 test suite.
[----------] Global test environment set-up.
[----------] 1 test from BulletTest
[ RUN      ] BulletTest.MissMonsterWhenDifferentCell
[       OK ] BulletTest.MissMonsterWhenDifferentCell (0 ms)
[----------] 1 test from BulletTest (0 ms total)

[----------] Global test environment tear-down
[==========] 1 test from 1 test suite ran. (0 ms total)
[  PASSED  ] 1 test.
<end of output>
Test time =   0.01 sec
----------------------------------------------------------
Test Passed.
"BulletTest.MissMonsterWhenDifferentCell" end time: Nov 10 15:21 MSK
"BulletTest.MissMonsterWhenDifferentCell" time elapsed: 00:00:00
----------------------------------------------------------

6/7 Testing: BulletTest.HitBarrierWhenSameCell
6/7 Test: BulletTest.HitBarrierWhenSameCell
Command: "/media/sf_Game/build/game_tests" "--gtest_filter=BulletTest.HitBarrierWhenSameCell" "--gtest_also_run_disabled_tests"
Directory: /media/sf_Game/build
"BulletTest.HitBarrierWhenSameCell" start time: Nov 10 15:21 MSK
Output:
----------------------------------------------------------
Running main() from /media/sf_Game/build/_deps/googletest-src/googletest/src/gtest_main.cc
Note: Google Test filter = BulletTest.HitBarrierWhenSameCell
[==========] Running 1 test from 1 test suite.
[----------] Global test environment set-up.
[----------] 1 test from BulletTest
[ RUN      ] BulletTest.HitBarrierWhenSameCell
[       OK ] BulletTest.HitBarrierWhenSameCell (0 ms)
[----------] 1 test from BulletTest (0 ms total)

[----------] Global test environment tear-down
[==========] 1 test from 1 test suite ran. (0 ms total)
[  PASSED  ] 1 test.
<end of output>
Test time =   0.01 sec
----------------------------------------------------------
Test Passed.
"BulletTest.HitBarrierWhenSameCell" end time: Nov 10 15:21 MSK
"BulletTest.HitBarrierWhenSameCell" time elapsed: 00:00:00
----------------------------------------------------------

7/7 Testing: EnvTest.DoorAndTrapChecksByCoordinates
7/7 Test: EnvTest.DoorAndTrapChecksByCoordinates
Command: "/media/sf_Game/build/game_tests" "--gtest_filter=EnvTest.DoorAndTrapChecksByCoordinates" "--gtest_also_run_disabled_tests"
Directory: /media/sf_Game/build
"EnvTest.DoorAndTrapChecksByCoordinates" start time: Nov 10 15:21 MSK
Output:
----------------------------------------------------------
Running main() from /media/sf_Game/build/_deps/googletest-src/googletest/src/gtest_main.cc
Note: Google Test filter = EnvTest.DoorAndTrapChecksByCoordinates
[==========] Running 1 test from 1 test suite.
[----------] Global test environment set-up.
[----------] 1 test from EnvTest
[ RUN      ] EnvTest.DoorAndTrapChecksByCoordinates
[       OK ] EnvTest.DoorAndTrapChecksByCoordinates (0 ms)
[----------] 1 test from EnvTest (0 ms total)

[----------] Global test environment tear-down
[==========] 1 test from 1 test suite ran. (0 ms total)
[  PASSED  ] 1 test.
<end of output>
Test time =   0.00 sec
----------------------------------------------------------
Test Passed.
"EnvTest.DoorAndTrapChecksByCoordinates" end time: Nov 10 15:21 MSK
"EnvTest.DoorAndTrapChecksByCoordinates" time elapsed: 00:00:00
----------------------------------------------------------

End testing: Nov 10 15:21 MSK
